<?xml version="1.0" encoding="UTF-8"?>
<!-- Generated by org.testng.reporters.JUnitReportReporter -->
<testsuite hostname="C02HWNR3DTY3.local" name="runThrghTestNG.Crs_GrpCrsCreation" tests="3" failures="0" timestamp="30 Aug 2012 17:35:35 GMT" time="187.390" errors="0">
  <testcase name="testCntntAdminLgn" time="12.718" classname="runThrghTestNG.Crs_GrpCrsCreation"/>
  <testcase name="testCrsGrpCrs_Creation" time="56.752" classname="runThrghTestNG.Crs_GrpCrsCreation"/>
  <testcase name="testActivities_Creation" time="117.920" classname="runThrghTestNG.Crs_GrpCrsCreation"/>
</testsuite> <!-- runThrghTestNG.Crs_GrpCrsCreation -->
