<?xml version="1.0" encoding="UTF-8"?>
<!-- Generated by org.testng.reporters.JUnitReportReporter -->
<testsuite hostname="C02HWNR3DTY3.local" name="runThrghTestNG.UsrCrtn_AsgnRole_WrkngGrp" tests="5" failures="0" timestamp="30 Aug 2012 17:35:35 GMT" time="234.457" errors="0">
  <testcase name="testAddMbrsToWrkngGrp" time="91.072" classname="runThrghTestNG.UsrCrtn_AsgnRole_WrkngGrp"/>
  <testcase name="testAsgnRole" time="65.465" classname="runThrghTestNG.UsrCrtn_AsgnRole_WrkngGrp"/>
  <testcase name="testUsrCrtn" time="51.657" classname="runThrghTestNG.UsrCrtn_AsgnRole_WrkngGrp"/>
  <testcase name="testPESAdminLgn" time="13.720" classname="runThrghTestNG.UsrCrtn_AsgnRole_WrkngGrp"/>
  <testcase name="testCrtWrkgnGrp" time="12.543" classname="runThrghTestNG.UsrCrtn_AsgnRole_WrkngGrp"/>
</testsuite> <!-- runThrghTestNG.UsrCrtn_AsgnRole_WrkngGrp -->
